# JRE version: OpenJDK Runtime Environment (8.0_76-b03) (build 1.8.0_76-release-b03)
# Java VM: OpenJDK 64-Bit Server VM (25.76-b03 mixed mode windows-amd64 compressed oops)
Heap:
 PSYoungGen      total 441856K, used 13093K [0x00000000e0000000, 0x0000000100000000, 0x0000000100000000)
  eden space 359424K, 0% used [0x00000000e0000000,0x00000000e01ec730,0x00000000f5f00000)
  from space 82432K, 13% used [0x00000000f5f00000,0x00000000f69dccf8,0x00000000faf80000)
  to   space 81920K, 0% used [0x00000000fb000000,0x00000000fb000000,0x0000000100000000)
 ParOldGen       total 208384K, used 121574K [0x00000000a0000000, 0x00000000acb80000, 0x00000000e0000000)
  object space 208384K, 58% used [0x00000000a0000000,0x00000000a76b9a10,0x00000000acb80000)
 Metaspace       used 77275K, capacity 81434K, committed 81584K, reserved 1120256K
  class space    used 9822K, capacity 10599K, committed 10672K, reserved 1048576K
GC Heap History (10 events):
Event: 3107.628 GC heap before
{Heap before GC invocations=43 (full 6):
 PSYoungGen      total 381440K, used 305520K [0x00000000e0000000, 0x0000000100000000, 0x0000000100000000)
  eden space 297984K, 100% used [0x00000000e0000000,0x00000000f2300000,0x00000000f2300000)
  from space 83456K, 9% used [0x00000000f7480000,0x00000000f7bdc040,0x00000000fc600000)
  to   space 83456K, 0% used [0x00000000f2300000,0x00000000f2300000,0x00000000f7480000)
 ParOldGen       total 208384K, used 58295K [0x00000000a0000000, 0x00000000acb80000, 0x00000000e0000000)
  object space 208384K, 27% used [0x00000000a0000000,0x00000000a38ede60,0x00000000acb80000)
 Metaspace       used 76689K, capacity 80810K, committed 80944K, reserved 1120256K
  class space    used 9751K, capacity 10523K, committed 10544K, reserved 1048576K
Event: 3107.643 GC heap after
Heap after GC invocations=43 (full 6):
 PSYoungGen      total 381440K, used 6184K [0x00000000e0000000, 0x0000000100000000, 0x0000000100000000)
  eden space 297984K, 0% used [0x00000000e0000000,0x00000000e0000000,0x00000000f2300000)
  from space 83456K, 7% used [0x00000000f2300000,0x00000000f290a220,0x00000000f7480000)
  to   space 83456K, 0% used [0x00000000fae80000,0x00000000fae80000,0x0000000100000000)
 ParOldGen       total 208384K, used 58303K [0x00000000a0000000, 0x00000000acb80000, 0x00000000e0000000)
  object space 208384K, 27% used [0x00000000a0000000,0x00000000a38efe60,0x00000000acb80000)
 Metaspace       used 76689K, capacity 80810K, committed 80944K, reserved 1120256K
  class space    used 9751K, capacity 10523K, committed 10544K, reserved 1048576K
}
Event: 3109.389 GC heap before
{Heap before GC invocations=44 (full 6):
 PSYoungGen      total 381440K, used 304168K [0x00000000e0000000, 0x0000000100000000, 0x0000000100000000)
  eden space 297984K, 100% used [0x00000000e0000000,0x00000000f2300000,0x00000000f2300000)
  from space 83456K, 7% used [0x00000000f2300000,0x00000000f290a220,0x00000000f7480000)
  to   space 83456K, 0% used [0x00000000fae80000,0x00000000fae80000,0x0000000100000000)
 ParOldGen       total 208384K, used 58303K [0x00000000a0000000, 0x00000000acb80000, 0x00000000e0000000)
  object space 208384K, 27% used [0x00000000a0000000,0x00000000a38efe60,0x00000000acb80000)
 Metaspace       used 77232K, capacity 81364K, committed 81584K, reserved 1120256K
  class space    used 9821K, capacity 10598K, committed 10672K, reserved 1048576K
Event: 3109.414 GC heap after
Heap after GC invocations=44 (full 6):
 PSYoungGen      total 432640K, used 25188K [0x00000000e0000000, 0x00000000ff800000, 0x0000000100000000)
  eden space 357376K, 0% used [0x00000000e0000000,0x00000000e0000000,0x00000000f5d00000)
  from space 75264K, 33% used [0x00000000fae80000,0x00000000fc719168,0x00000000ff800000)
  to   space 79360K, 0% used [0x00000000f5d00000,0x00000000f5d00000,0x00000000faa80000)
 ParOldGen       total 208384K, used 62531K [0x00000000a0000000, 0x00000000acb80000, 0x00000000e0000000)
  object space 208384K, 30% used [0x00000000a0000000,0x00000000a3d10f70,0x00000000acb80000)
 Metaspace       used 77232K, capacity 81364K, committed 81584K, reserved 1120256K
  class space    used 9821K, capacity 10598K, committed 10672K, reserved 1048576K
}
Event: 3109.802 GC heap before
{Heap before GC invocations=45 (full 6):
 PSYoungGen      total 432640K, used 382564K [0x00000000e0000000, 0x00000000ff800000, 0x0000000100000000)
  eden space 357376K, 100% used [0x00000000e0000000,0x00000000f5d00000,0x00000000f5d00000)
  from space 75264K, 33% used [0x00000000fae80000,0x00000000fc719168,0x00000000ff800000)
  to   space 79360K, 0% used [0x00000000f5d00000,0x00000000f5d00000,0x00000000faa80000)
 ParOldGen       total 208384K, used 62531K [0x00000000a0000000, 0x00000000acb80000, 0x00000000e0000000)
  object space 208384K, 30% used [0x00000000a0000000,0x00000000a3d10f70,0x00000000acb80000)
 Metaspace       used 77241K, capacity 81364K, committed 81584K, reserved 1120256K
  class space    used 9821K, capacity 10598K, committed 10672K, reserved 1048576K
Event: 3109.917 GC heap after
Heap after GC invocations=45 (full 6):
 PSYoungGen      total 436736K, used 44735K [0x00000000e0000000, 0x0000000100000000, 0x0000000100000000)
  eden space 357376K, 0% used [0x00000000e0000000,0x00000000e0000000,0x00000000f5d00000)
  from space 79360K, 56% used [0x00000000f5d00000,0x00000000f88afe28,0x00000000faa80000)
  to   space 79872K, 0% used [0x00000000fb200000,0x00000000fb200000,0x0000000100000000)
 ParOldGen       total 208384K, used 78851K [0x00000000a0000000, 0x00000000acb80000, 0x00000000e0000000)
  object space 208384K, 37% used [0x00000000a0000000,0x00000000a4d00e30,0x00000000acb80000)
 Metaspace       used 77241K, capacity 81364K, committed 81584K, reserved 1120256K
  class space    used 9821K, capacity 10598K, committed 10672K, reserved 1048576K
}
Event: 3110.463 GC heap before
{Heap before GC invocations=46 (full 6):
 PSYoungGen      total 436736K, used 402111K [0x00000000e0000000, 0x0000000100000000, 0x0000000100000000)
  eden space 357376K, 100% used [0x00000000e0000000,0x00000000f5d00000,0x00000000f5d00000)
  from space 79360K, 56% used [0x00000000f5d00000,0x00000000f88afe28,0x00000000faa80000)
  to   space 79872K, 0% used [0x00000000fb200000,0x00000000fb200000,0x0000000100000000)
 ParOldGen       total 208384K, used 78851K [0x00000000a0000000, 0x00000000acb80000, 0x00000000e0000000)
  object space 208384K, 37% used [0x00000000a0000000,0x00000000a4d00e30,0x00000000acb80000)
 Metaspace       used 77246K, capacity 81428K, committed 81584K, reserved 1120256K
  class space    used 9821K, capacity 10598K, committed 10672K, reserved 1048576K
Event: 3110.554 GC heap after
Heap after GC invocations=46 (full 6):
 PSYoungGen      total 439296K, used 52647K [0x00000000e0000000, 0x0000000100000000, 0x0000000100000000)
  eden space 359424K, 0% used [0x00000000e0000000,0x00000000e0000000,0x00000000f5f00000)
  from space 79872K, 65% used [0x00000000fb200000,0x00000000fe569e58,0x0000000100000000)
  to   space 82432K, 0% used [0x00000000f5f00000,0x00000000f5f00000,0x00000000faf80000)
 ParOldGen       total 208384K, used 103924K [0x00000000a0000000, 0x00000000acb80000, 0x00000000e0000000)
  object space 208384K, 49% used [0x00000000a0000000,0x00000000a657d1f0,0x00000000acb80000)
 Metaspace       used 77246K, capacity 81428K, committed 81584K, reserved 1120256K
  class space    used 9821K, capacity 10598K, committed 10672K, reserved 1048576K
}
Event: 3111.840 GC heap before
{Heap before GC invocations=47 (full 6):
 PSYoungGen      total 439296K, used 412071K [0x00000000e0000000, 0x0000000100000000, 0x0000000100000000)
  eden space 359424K, 100% used [0x00000000e0000000,0x00000000f5f00000,0x00000000f5f00000)
  from space 79872K, 65% used [0x00000000fb200000,0x00000000fe569e58,0x0000000100000000)
  to   space 82432K, 0% used [0x00000000f5f00000,0x00000000f5f00000,0x00000000faf80000)
 ParOldGen       total 208384K, used 103924K [0x00000000a0000000, 0x00000000acb80000, 0x00000000e0000000)
  object space 208384K, 49% used [0x00000000a0000000,0x00000000a657d1f0,0x00000000acb80000)
 Metaspace       used 77271K, capacity 81434K, committed 81584K, reserved 1120256K
  class space    used 9822K, capacity 10599K, committed 10672K, reserved 1048576K
Event: 3111.895 GC heap after
Heap after GC invocations=47 (full 6):
 PSYoungGen      total 441856K, used 11123K [0x00000000e0000000, 0x0000000100000000, 0x0000000100000000)
  eden space 359424K, 0% used [0x00000000e0000000,0x00000000e0000000,0x00000000f5f00000)
  from space 82432K, 13% used [0x00000000f5f00000,0x00000000f69dccf8,0x00000000faf80000)
  to   space 81920K, 0% used [0x00000000fb000000,0x00000000fb000000,0x0000000100000000)
 ParOldGen       total 208384K, used 121574K [0x00000000a0000000, 0x00000000acb80000, 0x00000000e0000000)
  object space 208384K, 58% used [0x00000000a0000000,0x00000000a76b9a10,0x00000000acb80000)
 Metaspace       used 77271K, capacity 81434K, committed 81584K, reserved 1120256K
  class space    used 9822K, capacity 10599K, committed 10672K, reserved 1048576K
}

